<?xml version="1.0" encoding="UTF-8"?>
<testsuite name="auth-suite" tests="3" failures="2" errors="1" timestamp="2026-06-11T02:30:00Z">
  <testcase name="loginWithEmail" classname="com.app.auth.LoginTests" time="1.23">
    <failure message="Timeout waiting for element #email-input" type="TimeoutError">
      TimeoutError: waiting for selector '#email-input' failed: timeout 30000ms exceeded
    </failure>
  </testcase>
  <testcase name="loginWithGoogle" classname="com.app.auth.LoginTests" time="0.45">
  </testcase>
  <testcase name="logoutFlow" classname="com.app.auth.SessionTests" time="2.10">
    <error message="Element not found: #logout-btn" type="NoSuchElementError">
      NoSuchElementError: no element matching selector '#logout-btn' found
    </error>
  </testcase>
</testsuite>
