<?xml version="1.0" encoding="UTF-8"?>
<testsuite name="checkout-suite" tests="2" failures="1" timestamp="2026-06-11T03:15:00Z">
  <testcase name="completeCheckout" classname="com.app.shop.CheckoutTests" time="5.67">
    <failure message="Payment gateway returned 502" type="NetworkError">
      NetworkError: POST https://pay.example.com/charge returned 502 Bad Gateway
    </failure>
  </testcase>
  <testcase name="addToCart" classname="com.app.shop.CartTests" time="0.89">
  </testcase>
</testsuite>
